<?xml version="1.0" encoding="UTF-8"?>
<!-- Generated by org.testng.reporters.JUnitXMLReporter -->
<testsuite ignored="0" hostname="Somanaths-Air" failures="1" tests="1" name="Test" time="5.83" errors="0" timestamp="2023-09-19T17:14:14 IST">
  <testcase classname="StrAlign_TestCases.TC_LoginDDT" name="loginDDT" time="2.453">
    <failure type="org.testng.internal.reflect.MethodMatcherException" message="
[public void StrAlign_TestCases.TC_LoginDDT.loginDDT(java.lang.String,java.lang.String) throws java.lang.InterruptedException] has no parameters defined but was found to be using a data provider (either explicitly specified or inherited from class level annotation).
Data provider mismatch
Method: loginDDT([java.lang.String arg0, java.lang.String arg1])
Arguments: [(java.lang.String) coordle12@yopmail.com,(java.lang.String) coordle12@yopmail.com,(java.lang.String) ,(java.lang.String) ,(java.lang.String) ,(java.lang.String) ,(java.lang.String) ]">
      <![CDATA[org.testng.internal.reflect.MethodMatcherException: 
[public void StrAlign_TestCases.TC_LoginDDT.loginDDT(java.lang.String,java.lang.String) throws java.lang.InterruptedException] has no parameters defined but was found to be using a data provider (either explicitly specified or inherited from class level annotation).
Data provider mismatch
Method: loginDDT([java.lang.String arg0, java.lang.String arg1])
Arguments: [(java.lang.String) coordle12@yopmail.com,(java.lang.String) coordle12@yopmail.com,(java.lang.String) ,(java.lang.String) ,(java.lang.String) ,(java.lang.String) ,(java.lang.String) ]
at java.base/java.util.ArrayList.forEach(ArrayList.java:1511)
... Removed 22 stack frames]]>
    </failure>
  </testcase> <!-- loginDDT -->
</testsuite> <!-- Test -->
