<?xml version="1.0" encoding="UTF-8"?>
<testng-results ignored="0" total="7" passed="6" failed="1" skipped="0">
  <reporter-output>
  </reporter-output>
  <suite started-at="2023-10-26T17:26:38 IST" name="Suite" finished-at="2023-10-26T17:28:16 IST" duration-ms="97947">
    <groups>
    </groups>
    <test started-at="2023-10-26T17:26:38 IST" name="Test1" finished-at="2023-10-26T17:28:16 IST" duration-ms="97947">
      <class name="StrAlign_TestCases.HomePage">
        <test-method is-config="true" signature="setup(java.lang.String)[pri:0, instance:StrAlign_TestCases.HomePage@8462f31]" started-at="2023-10-26T17:27:04 IST" name="setup" finished-at="2023-10-26T17:27:06 IST" duration-ms="2153" status="PASS">
          <params>
            <param index="0">
              <value>
                <![CDATA[firefox]]>
              </value>
            </param>
          </params>
          <reporter-output>
          </reporter-output>
        </test-method> <!-- setup -->
        <test-method signature="LoginInHome()[pri:1, instance:StrAlign_TestCases.HomePage@8462f31]" started-at="2023-10-26T17:27:06 IST" name="LoginInHome" finished-at="2023-10-26T17:27:22 IST" duration-ms="16471" status="PASS">
          <reporter-output>
          </reporter-output>
        </test-method> <!-- LoginInHome -->
        <test-method signature="HomepageActions()[pri:2, instance:StrAlign_TestCases.HomePage@8462f31]" started-at="2023-10-26T17:27:22 IST" name="HomepageActions" finished-at="2023-10-26T17:27:37 IST" duration-ms="14697" status="PASS">
          <reporter-output>
          </reporter-output>
        </test-method> <!-- HomepageActions -->
        <test-method signature="ProfileActions()[pri:3, instance:StrAlign_TestCases.HomePage@8462f31]" started-at="2023-10-26T17:27:37 IST" name="ProfileActions" finished-at="2023-10-26T17:28:00 IST" duration-ms="23432" status="PASS">
          <reporter-output>
          </reporter-output>
        </test-method> <!-- ProfileActions -->
        <test-method signature="GoalPageActions()[pri:4, instance:StrAlign_TestCases.HomePage@8462f31]" started-at="2023-10-26T17:28:00 IST" name="GoalPageActions" finished-at="2023-10-26T17:28:15 IST" duration-ms="15069" status="FAIL">
          <exception class="org.openqa.selenium.NoSuchElementException">
            <message>
              <![CDATA[Unable to locate element: //*[@id="goal"]
For documentation on this error, please visit: https://www.selenium.dev/documentation/webdriver/troubleshooting/errors#no-such-element-exception
Build info: version: '4.10.0', revision: 'c14d967899'
System info: os.name: 'Mac OS X', os.arch: 'x86_64', os.version: '14.0', java.version: '17.0.5'
Driver info: org.openqa.selenium.firefox.FirefoxDriver
Command: [b3a6b995-db05-4aa2-afa1-d730247fc721, findElement {using=xpath, value=//*[@id="goal"]}]
Capabilities {acceptInsecureCerts: true, browserName: firefox, browserVersion: 118.0.2, moz:accessibilityChecks: false, moz:buildID: 20231009140911, moz:debuggerAddress: 127.0.0.1:13359, moz:geckodriverVersion: 0.33.0, moz:headless: false, moz:platformVersion: 23.0.0, moz:processID: 26073, moz:profile: /var/folders/6v/776f9wqj5q3..., moz:shutdownTimeout: 60000, moz:webdriverClick: true, moz:windowless: false, pageLoadStrategy: normal, platformName: mac, proxy: Proxy(), se:cdp: ws://127.0.0.1:13359/devtoo..., se:cdpVersion: 85.0, setWindowRect: true, strictFileInteractability: false, timeouts: {implicit: 0, pageLoad: 300000, script: 30000}, unhandledPromptBehavior: dismiss and notify}
Session ID: b3a6b995-db05-4aa2-afa1-d730247fc721]]>
            </message>
            <full-stacktrace>
              <![CDATA[org.openqa.selenium.NoSuchElementException: Unable to locate element: //*[@id="goal"]
For documentation on this error, please visit: https://www.selenium.dev/documentation/webdriver/troubleshooting/errors#no-such-element-exception
Build info: version: '4.10.0', revision: 'c14d967899'
System info: os.name: 'Mac OS X', os.arch: 'x86_64', os.version: '14.0', java.version: '17.0.5'
Driver info: org.openqa.selenium.firefox.FirefoxDriver
Command: [b3a6b995-db05-4aa2-afa1-d730247fc721, findElement {using=xpath, value=//*[@id="goal"]}]
Capabilities {acceptInsecureCerts: true, browserName: firefox, browserVersion: 118.0.2, moz:accessibilityChecks: false, moz:buildID: 20231009140911, moz:debuggerAddress: 127.0.0.1:13359, moz:geckodriverVersion: 0.33.0, moz:headless: false, moz:platformVersion: 23.0.0, moz:processID: 26073, moz:profile: /var/folders/6v/776f9wqj5q3..., moz:shutdownTimeout: 60000, moz:webdriverClick: true, moz:windowless: false, pageLoadStrategy: normal, platformName: mac, proxy: Proxy(), se:cdp: ws://127.0.0.1:13359/devtoo..., se:cdpVersion: 85.0, setWindowRect: true, strictFileInteractability: false, timeouts: {implicit: 0, pageLoad: 300000, script: 30000}, unhandledPromptBehavior: dismiss and notify}
Session ID: b3a6b995-db05-4aa2-afa1-d730247fc721
at java.base/jdk.internal.reflect.NativeConstructorAccessorImpl.newInstance0(Native Method)
at java.base/jdk.internal.reflect.NativeConstructorAccessorImpl.newInstance(NativeConstructorAccessorImpl.java:77)
at java.base/jdk.internal.reflect.DelegatingConstructorAccessorImpl.newInstance(DelegatingConstructorAccessorImpl.java:45)
at java.base/java.lang.reflect.Constructor.newInstanceWithCaller(Constructor.java:499)
at java.base/java.lang.reflect.Constructor.newInstance(Constructor.java:480)
at org.openqa.selenium.remote.codec.w3c.W3CHttpResponseCodec.createException(W3CHttpResponseCodec.java:199)
at org.openqa.selenium.remote.codec.w3c.W3CHttpResponseCodec.decode(W3CHttpResponseCodec.java:132)
at org.openqa.selenium.remote.codec.w3c.W3CHttpResponseCodec.decode(W3CHttpResponseCodec.java:51)
at org.openqa.selenium.remote.HttpCommandExecutor.execute(HttpCommandExecutor.java:191)
at org.openqa.selenium.remote.service.DriverCommandExecutor.invokeExecute(DriverCommandExecutor.java:196)
at org.openqa.selenium.remote.service.DriverCommandExecutor.execute(DriverCommandExecutor.java:171)
at org.openqa.selenium.remote.RemoteWebDriver.execute(RemoteWebDriver.java:531)
at org.openqa.selenium.remote.ElementLocation$ElementFinder$2.findElement(ElementLocation.java:165)
at org.openqa.selenium.remote.ElementLocation.findElement(ElementLocation.java:59)
at org.openqa.selenium.remote.RemoteWebDriver.findElement(RemoteWebDriver.java:350)
at org.openqa.selenium.remote.RemoteWebDriver.findElement(RemoteWebDriver.java:344)
at org.openqa.selenium.support.pagefactory.DefaultElementLocator.findElement(DefaultElementLocator.java:68)
at org.openqa.selenium.support.pagefactory.internal.LocatingElementHandler.invoke(LocatingElementHandler.java:38)
at jdk.proxy2/jdk.proxy2.$Proxy33.click(Unknown Source)
at Stralign_PageObject.GoalPagePom.Goal(GoalPagePom.java:73)
at StrAlign_TestCases.HomePage.GoalPageActions(HomePage.java:56)
at java.base/jdk.internal.reflect.NativeMethodAccessorImpl.invoke0(Native Method)
at java.base/jdk.internal.reflect.NativeMethodAccessorImpl.invoke(NativeMethodAccessorImpl.java:77)
at java.base/jdk.internal.reflect.DelegatingMethodAccessorImpl.invoke(DelegatingMethodAccessorImpl.java:43)
at java.base/java.lang.reflect.Method.invoke(Method.java:568)
at org.testng.internal.invokers.MethodInvocationHelper.invokeMethod(MethodInvocationHelper.java:139)
at org.testng.internal.invokers.TestInvoker.invokeMethod(TestInvoker.java:664)
at org.testng.internal.invokers.TestInvoker.invokeTestMethod(TestInvoker.java:227)
at org.testng.internal.invokers.MethodRunner.runInSequence(MethodRunner.java:50)
at org.testng.internal.invokers.TestInvoker$MethodInvocationAgent.invoke(TestInvoker.java:957)
at org.testng.internal.invokers.TestInvoker.invokeTestMethods(TestInvoker.java:200)
at org.testng.internal.invokers.TestMethodWorker.invokeTestMethods(TestMethodWorker.java:148)
at org.testng.internal.invokers.TestMethodWorker.run(TestMethodWorker.java:128)
at java.base/java.util.ArrayList.forEach(ArrayList.java:1511)
at org.testng.TestRunner.privateRun(TestRunner.java:848)
at org.testng.TestRunner.run(TestRunner.java:621)
at org.testng.SuiteRunner.runTest(SuiteRunner.java:443)
at org.testng.SuiteRunner.runSequentially(SuiteRunner.java:437)
at org.testng.SuiteRunner.privateRun(SuiteRunner.java:397)
at org.testng.SuiteRunner.run(SuiteRunner.java:336)
at org.testng.SuiteRunnerWorker.runSuite(SuiteRunnerWorker.java:52)
at org.testng.SuiteRunnerWorker.run(SuiteRunnerWorker.java:95)
at org.testng.TestNG.runSuitesSequentially(TestNG.java:1280)
at org.testng.TestNG.runSuitesLocally(TestNG.java:1200)
at org.testng.TestNG.runSuites(TestNG.java:1114)
at org.testng.TestNG.run(TestNG.java:1082)
at org.testng.remote.AbstractRemoteTestNG.run(AbstractRemoteTestNG.java:115)
at org.testng.remote.RemoteTestNG.initAndRun(RemoteTestNG.java:251)
at org.testng.remote.RemoteTestNG.main(RemoteTestNG.java:77)
]]>
            </full-stacktrace>
          </exception> <!-- org.openqa.selenium.NoSuchElementException -->
          <reporter-output>
          </reporter-output>
        </test-method> <!-- GoalPageActions -->
        <test-method is-config="true" signature="Teardown()[pri:0, instance:StrAlign_TestCases.HomePage@8462f31]" started-at="2023-10-26T17:28:16 IST" name="Teardown" finished-at="2023-10-26T17:28:16 IST" duration-ms="649" status="PASS">
          <reporter-output>
          </reporter-output>
        </test-method> <!-- Teardown -->
      </class> <!-- StrAlign_TestCases.HomePage -->
      <class name="StrAlign_TestCases.TC_LoginDDT">
        <test-method is-config="true" signature="setup(java.lang.String)[pri:0, instance:StrAlign_TestCases.TC_LoginDDT@231f98ef]" started-at="2023-10-26T17:26:39 IST" name="setup" finished-at="2023-10-26T17:26:43 IST" duration-ms="4892" status="PASS">
          <params>
            <param index="0">
              <value>
                <![CDATA[firefox]]>
              </value>
            </param>
          </params>
          <reporter-output>
          </reporter-output>
        </test-method> <!-- setup -->
        <test-method signature="loginDDT(java.lang.String,java.lang.String)[pri:0, instance:StrAlign_TestCases.TC_LoginDDT@231f98ef]" started-at="2023-10-26T17:26:43 IST" name="loginDDT" data-provider="Dt" finished-at="2023-10-26T17:26:51 IST" duration-ms="7398" status="PASS">
          <params>
            <param index="0">
              <value>
                <![CDATA[User1]]>
              </value>
            </param>
            <param index="1">
              <value>
                <![CDATA[Password3]]>
              </value>
            </param>
          </params>
          <reporter-output>
          </reporter-output>
        </test-method> <!-- loginDDT -->
        <test-method signature="loginDDT(java.lang.String,java.lang.String)[pri:0, instance:StrAlign_TestCases.TC_LoginDDT@231f98ef]" started-at="2023-10-26T17:26:51 IST" name="loginDDT" data-provider="Dt" finished-at="2023-10-26T17:26:57 IST" duration-ms="6026" status="PASS">
          <params>
            <param index="0">
              <value>
                <![CDATA[User2]]>
              </value>
            </param>
            <param index="1">
              <value>
                <![CDATA[Password3]]>
              </value>
            </param>
          </params>
          <reporter-output>
          </reporter-output>
        </test-method> <!-- loginDDT -->
        <test-method signature="loginDDT(java.lang.String,java.lang.String)[pri:0, instance:StrAlign_TestCases.TC_LoginDDT@231f98ef]" started-at="2023-10-26T17:26:57 IST" name="loginDDT" data-provider="Dt" finished-at="2023-10-26T17:27:03 IST" duration-ms="6006" status="PASS">
          <params>
            <param index="0">
              <value>
                <![CDATA[User3]]>
              </value>
            </param>
            <param index="1">
              <value>
                <![CDATA[Password3]]>
              </value>
            </param>
          </params>
          <reporter-output>
          </reporter-output>
        </test-method> <!-- loginDDT -->
        <test-method is-config="true" signature="Teardown()[pri:0, instance:StrAlign_TestCases.TC_LoginDDT@231f98ef]" started-at="2023-10-26T17:27:03 IST" name="Teardown" finished-at="2023-10-26T17:27:04 IST" duration-ms="582" status="PASS">
          <reporter-output>
          </reporter-output>
        </test-method> <!-- Teardown -->
      </class> <!-- StrAlign_TestCases.TC_LoginDDT -->
    </test> <!-- Test1 -->
  </suite> <!-- Suite -->
</testng-results>
